0 info it worked if it ends with ok
1 verbose cli [ '/usr/local/Cellar/node/0.10.25/bin/node',
1 verbose cli   '/usr/local/bin/npm',
1 verbose cli   'info',
1 verbose cli   'nprogress' ]
2 info using npm@1.3.24
3 info using node@v0.10.25
4 verbose url raw nprogress
5 verbose url resolving [ 'https://registry.npmjs.org/', './nprogress' ]
6 verbose url resolved https://registry.npmjs.org/nprogress
7 info trying registry request attempt 1 at 12:43:09
8 http GET https://registry.npmjs.org/nprogress
9 http 404 https://registry.npmjs.org/nprogress
10 silly registry.get cb [ 404,
10 silly registry.get   { date: 'Tue, 03 Jun 2014 19:43:09 GMT',
10 silly registry.get     server: 'CouchDB/1.5.0 (Erlang OTP/R14B04)',
10 silly registry.get     'content-type': 'application/json',
10 silly registry.get     via: '1.1 varnish',
10 silly registry.get     'cache-control': 'max-age=0',
10 silly registry.get     'content-length': '52',
10 silly registry.get     'accept-ranges': 'bytes',
10 silly registry.get     age: '0',
10 silly registry.get     'x-served-by': 'cache-v43-ASH, cache-sv63-SJC3',
10 silly registry.get     'x-cache': 'MISS, MISS',
10 silly registry.get     'x-cache-hits': '0, 0',
10 silly registry.get     'x-timer': 'S1401824589.709386,VS0,VE171',
10 silly registry.get     'keep-alive': 'timeout=10, max=50',
10 silly registry.get     connection: 'Keep-Alive' } ]
11 error 404 'nprogress' is not in the npm registry.
11 error 404 You should bug the author to publish it
11 error 404
11 error 404 Note that you can also install from a
11 error 404 tarball, folder, or http url, or git url.
12 error System Darwin 13.1.0
13 error command "/usr/local/Cellar/node/0.10.25/bin/node" "/usr/local/bin/npm" "info" "nprogress"
14 error cwd /Users/casey/Documents/workspace/runnable-angular
15 error node -v v0.10.25
16 error npm -v 1.3.24
17 error code E404
18 verbose exit [ 1, true ]
